[debug] [2025-09-21T14:49:39.010Z] ----------------------------------------------------------------------
[debug] [2025-09-21T14:49:39.013Z] Command:       C:\Program Files\nodejs\node.exe C:\Users\reha0\AppData\Roaming\npm\node_modules\firebase-tools\lib\bin\firebase.js init emulators
[debug] [2025-09-21T14:49:39.013Z] CLI Version:   14.11.0
[debug] [2025-09-21T14:49:39.013Z] Platform:      win32
[debug] [2025-09-21T14:49:39.013Z] Node Version:  v22.16.0
[debug] [2025-09-21T14:49:39.014Z] Time:          Sun Sep 21 2025 11:49:39 GMT-0300 (hora de verano de Chile)
[debug] [2025-09-21T14:49:39.014Z] ----------------------------------------------------------------------
[debug] 
[debug] [2025-09-21T14:49:39.245Z] > command requires scopes: ["email","openid","https://www.googleapis.com/auth/cloudplatformprojects.readonly","https://www.googleapis.com/auth/firebase","https://www.googleapis.com/auth/cloud-platform"]
[debug] [2025-09-21T14:49:39.246Z] > authorizing via signed-in user (reha01@gmail.com)
[info] 
     ######## #### ########  ######## ########     ###     ######  ########
     ##        ##  ##     ## ##       ##     ##  ##   ##  ##       ##
     ######    ##  ########  ######   ########  #########  ######  ######
     ##        ##  ##    ##  ##       ##     ## ##     ##       ## ##
     ##       #### ##     ## ######## ########  ##     ##  ######  ########

You're about to initialize a Firebase project in this directory:

  C:\01 Apps\360MVP

Before we get started, keep in mind:

  * You are currently outside your home directory
  * You are initializing within an existing Firebase project directory

[debug] [2025-09-21T14:49:45.639Z] ExitPromptError: User force closed the prompt with SIGINT
    at Interface.sigint (C:\Users\reha0\AppData\Roaming\npm\node_modules\firebase-tools\node_modules\@inquirer\core\dist\commonjs\lib\create-prompt.js:101:37)
    at Interface.emit (node:events:518:28)
    at Interface.emit (node:domain:489:12)
    at [_ttyWrite] [as _ttyWrite] (node:internal/readline/interface:1128:18)
    at ReadStream.onkeypress (node:internal/readline/interface:267:20)
    at ReadStream.emit (node:events:530:35)
    at ReadStream.emit (node:domain:489:12)
    at emitKeys (node:internal/readline/utils:370:14)
    at emitKeys.next (<anonymous>)
    at ReadStream.onData (node:internal/readline/emitKeypressEvents:64:36)
[error] 
[error] Error: An unexpected error has occurred.
[debug] [2025-09-21T14:49:58.150Z] ----------------------------------------------------------------------
[debug] [2025-09-21T14:49:58.154Z] Command:       C:\Program Files\nodejs\node.exe C:\Users\reha0\AppData\Roaming\npm\node_modules\firebase-tools\lib\bin\firebase.js emulators:start --only auth --project demo-project
[debug] [2025-09-21T14:49:58.154Z] CLI Version:   14.11.0
[debug] [2025-09-21T14:49:58.154Z] Platform:      win32
[debug] [2025-09-21T14:49:58.154Z] Node Version:  v22.16.0
[debug] [2025-09-21T14:49:58.155Z] Time:          Sun Sep 21 2025 11:49:58 GMT-0300 (hora de verano de Chile)
[debug] [2025-09-21T14:49:58.155Z] ----------------------------------------------------------------------
[debug] 
[info] i  emulators: Starting emulators: auth {"metadata":{"emulator":{"name":"hub"},"message":"Starting emulators: auth"}}
[info] i  emulators: Detected demo project ID "demo-project", emulated services will use a demo configuration and attempts to access non-emulated services for this project will fail. {"metadata":{"emulator":{"name":"hub"},"message":"Detected demo project ID \"demo-project\", emulated services will use a demo configuration and attempts to access non-emulated services for this project will fail."}}
[debug] [2025-09-21T14:49:58.451Z] [logging] Logging Emulator only supports listening on one address (127.0.0.1). Not listening on ::1
[debug] [2025-09-21T14:49:58.451Z] assigned listening specs for emulators {"user":{"ui":[{"address":"127.0.0.1","family":"IPv4","port":4000}],"auth":[{"address":"127.0.0.1","family":"IPv4","port":9099}],"hub":[{"address":"127.0.0.1","family":"IPv4","port":4400},{"address":"::1","family":"IPv6","port":4400}],"logging":[{"address":"127.0.0.1","family":"IPv4","port":4500}]},"metadata":{"message":"assigned listening specs for emulators"}}
[debug] [2025-09-21T14:49:58.456Z] [hub] writing locator at C:\Users\reha0\AppData\Local\Temp\hub-demo-project.json
[debug] [2025-09-21T14:50:07.160Z] Could not find VSCode notification endpoint: FetchError: request to http://localhost:40001/vscode/notify failed, reason: . If you are not running the Firebase Data Connect VSCode extension, this is expected and not an issue.
[info] 
┌─────────────────────────────────────────────────────────────┐
│ ✔  All emulators ready! It is now safe to connect your app. │
│ i  View Emulator UI at http://127.0.0.1:4000/               │
└─────────────────────────────────────────────────────────────┘

┌────────────────┬────────────────┬────────────────────────────┐
│ Emulator       │ Host:Port      │ View in Emulator UI        │
├────────────────┼────────────────┼────────────────────────────┤
│ Authentication │ 127.0.0.1:9099 │ http://127.0.0.1:4000/auth │
└────────────────┴────────────────┴────────────────────────────┘
  Emulator Hub host: 127.0.0.1 port: 4400
  Other reserved ports: 4500

Issues? Report them at https://github.com/firebase/firebase-tools/issues and attach the *-debug.log files.
 
